1
0 INF INF INF INF INF INF INF INF INF INF INF INF 29 84 INF INF INF INF 45 INF INF 37 INF INF INF INF INF INF INF
INF 0 114 INF INF INF 72 INF INF 78 INF INF INF INF 179 INF INF INF INF 140 INF INF 132 INF INF 120 INF INF 33 INF
INF INF 0 INF INF INF 2 INF INF INF INF INF INF INF INF INF INF INF INF INF INF INF INF INF INF INF INF INF INF INF
INF INF INF 0 INF INF INF INF INF INF INF INF INF INF INF INF INF INF INF INF INF INF INF INF INF INF INF INF INF 15
INF INF INF INF 0 INF INF INF INF INF INF INF INF INF INF INF INF INF INF INF INF 18 INF INF INF INF INF INF INF INF
INF INF INF INF INF 0 INF INF INF INF INF INF INF INF INF INF INF INF INF INF INF INF INF INF INF INF INF INF INF INF
INF INF 42 INF INF INF 0 INF INF INF INF INF INF INF INF INF INF INF INF INF INF INF INF INF INF INF INF INF INF INF
INF INF INF INF INF INF INF 0 INF INF INF INF INF INF INF INF INF INF INF INF INF INF INF INF INF INF INF INF INF INF
INF INF INF INF INF INF INF INF 0 INF INF INF INF INF INF INF INF INF INF INF INF 40 INF INF INF INF INF INF INF INF
INF INF INF INF INF INF INF INF INF 0 INF INF INF INF 101 INF INF INF INF 62 INF INF 54 INF INF 42 INF INF INF INF
INF INF INF INF INF INF INF INF INF INF 0 INF INF 13 67 INF INF INF INF 28 INF INF 20 INF INF 8 INF INF INF INF
INF INF INF INF INF INF INF INF INF INF INF 0 48 INF INF INF INF INF INF 22 INF INF INF INF INF INF INF INF INF INF
INF INF INF INF INF INF INF INF INF INF INF INF 0 INF INF INF INF INF INF INF INF INF INF INF INF INF INF INF INF INF
INF INF INF INF INF INF INF INF INF INF INF INF INF 0 INF INF INF INF INF INF INF INF INF INF INF INF INF INF INF INF
INF INF INF INF INF INF INF INF INF INF INF INF INF INF 0 INF INF INF INF INF INF INF INF INF INF INF INF INF INF INF
INF INF 59 INF INF INF 17 INF INF INF INF INF 47 INF INF 0 INF INF INF INF INF INF INF INF INF INF INF INF INF INF
INF INF INF INF INF INF INF INF INF INF INF INF INF INF INF INF 0 INF INF INF INF INF INF INF 28 INF INF 69 INF INF
INF INF INF INF INF INF INF INF 1 INF INF INF 33 INF INF INF INF 0 INF INF INF 41 INF INF INF INF INF INF INF INF
INF INF INF INF INF INF INF INF INF INF INF INF INF INF INF INF INF INF 0 INF INF INF INF INF INF INF INF INF INF INF
INF INF INF INF INF INF INF INF INF INF INF INF INF INF INF INF INF INF INF 0 INF INF INF INF INF INF INF INF INF INF
INF INF INF INF INF INF INF INF INF INF INF INF INF INF INF INF INF INF INF INF 0 INF INF INF INF INF INF INF INF INF
INF INF INF INF INF INF INF INF INF INF INF INF INF INF INF INF INF INF INF INF INF 0 INF INF INF INF INF INF INF INF
INF INF INF INF INF INF INF INF INF INF INF INF INF INF 47 INF INF INF INF 8 INF INF 0 INF INF INF INF INF INF INF
INF INF INF INF INF INF INF INF INF INF INF INF INF INF INF INF INF INF 3 INF INF INF INF 0 INF INF INF INF INF INF
INF INF INF INF INF INF INF INF INF INF INF INF INF INF INF INF INF INF INF INF INF INF INF INF 0 INF INF 41 INF INF
INF INF INF INF INF INF INF INF INF INF INF INF INF INF 59 INF INF INF INF 20 INF INF 12 INF INF 0 INF INF INF INF
INF INF INF INF INF INF INF INF INF INF INF INF INF INF INF INF INF INF INF INF INF INF INF INF INF INF 0 INF INF INF
INF INF INF INF INF INF INF INF INF INF INF INF INF INF INF INF INF INF INF INF INF INF INF INF INF INF INF 0 INF INF
INF INF 81 INF INF INF 39 INF INF 45 INF INF INF INF 146 INF INF INF INF 107 INF INF 99 INF INF 87 INF INF 0 INF
INF INF INF INF INF INF INF INF INF INF INF INF INF INF INF INF INF INF INF INF INF INF INF INF INF INF INF INF INF 0
