1
0 0 1 2 3 4 5 6 7 8 9 10 11 12 13 14 17 18 19 20 21 22 23 24 25 26 27 28 29 30 0
1 1 1 2 3 4 5 6 7 8 9 10 11 12 13 14 15 18 19 20 21 22 23 24 25 26 27 28 29 30 0
1 2 2 2 3 4 5 6 7 8 9 10 11 12 13 14 15 16 19 20 21 22 23 24 25 26 27 28 29 30 0
1 2 3 3 3 4 5 6 7 8 9 10 11 12 13 14 15 16 17 20 21 22 23 24 25 26 27 28 29 30 0
1 2 3 4 4 4 5 6 7 8 9 10 11 12 13 14 15 16 17 18 21 22 23 24 25 26 27 28 29 30 0
1 2 3 4 5 5 5 6 7 8 9 10 11 12 13 14 15 16 17 18 19 22 23 24 25 26 27 28 29 30 0
1 2 3 4 5 6 6 6 7 8 9 10 11 12 13 14 15 16 17 18 19 20 23 24 25 26 27 28 29 30 0
1 2 3 4 5 6 7 7 7 8 9 10 11 12 13 14 15 16 17 18 19 20 21 24 25 26 27 28 29 30 0
1 2 3 4 5 6 7 8 8 8 9 10 11 12 13 14 15 16 17 18 19 20 21 22 25 26 27 28 29 30 0
1 2 3 4 5 6 7 8 9 9 9 10 11 12 13 14 15 16 17 18 19 20 21 22 23 26 27 28 29 30 0
1 2 3 4 5 6 7 8 9 10 10 10 11 12 13 14 15 16 17 18 19 20 21 22 23 24 27 28 29 30 0
1 2 3 4 5 6 7 8 9 10 11 11 11 12 13 14 15 16 17 18 19 20 21 22 23 24 25 28 29 30 0
1 2 3 4 5 6 7 8 9 10 11 12 12 12 13 14 15 16 17 18 19 20 21 22 23 24 25 26 29 30 0
1 2 3 4 5 6 7 8 9 10 11 12 13 13 13 14 15 16 17 18 19 20 21 22 23 24 25 26 27 30 0
1 2 3 4 5 6 7 8 9 10 11 12 13 14 14 14 15 16 17 18 19 20 21 22 23 24 25 26 27 28 0
1 2 3 4 5 6 7 8 9 10 11 12 13 14 15 15 15 16 17 18 19 20 21 22 23 24 25 26 27 28 29
30 2 3 4 5 6 7 8 9 10 11 12 13 14 15 16 16 16 17 18 19 20 21 22 23 24 25 26 27 28 29
30 0 3 4 5 6 7 8 9 10 11 12 13 14 15 16 17 17 17 18 19 20 21 22 23 24 25 26 27 28 29
30 0 1 4 5 6 7 8 9 10 11 12 13 14 15 16 17 18 18 18 19 20 21 22 23 24 25 26 27 28 29
30 0 1 2 5 6 7 8 9 10 11 12 13 14 15 16 17 18 19 19 19 20 21 22 23 24 25 26 27 28 29
30 0 1 2 3 6 7 8 9 10 11 12 13 14 15 16 17 18 19 20 20 20 21 22 23 24 25 26 27 28 29
30 0 1 2 3 4 7 8 9 10 11 12 13 14 15 16 17 18 19 20 21 21 21 22 23 24 25 26 27 28 29
30 0 1 2 3 4 5 8 9 10 11 12 13 14 15 16 17 18 19 20 21 22 22 22 23 24 25 26 27 28 29
30 0 1 2 3 4 5 6 9 10 11 12 13 14 15 16 17 18 19 20 21 22 23 23 23 24 25 26 27 28 29
30 0 1 2 3 4 5 6 7 10 11 12 13 14 15 16 17 18 19 20 21 22 23 24 24 24 25 26 27 28 29
30 0 1 2 3 4 5 6 7 8 11 12 13 14 15 16 17 18 19 20 21 22 23 24 25 25 25 26 27 28 29
30 0 1 2 3 4 5 6 7 8 9 12 13 14 15 16 17 18 19 20 21 22 23 24 25 26 26 26 27 28 29
30 0 1 2 3 4 5 6 7 8 9 10 13 14 15 16 17 18 19 20 21 22 23 24 25 26 27 27 27 28 29
30 0 1 2 3 4 5 6 7 8 9 10 11 14 15 16 17 18 19 20 21 22 23 24 25 26 27 28 28 28 29
30 0 1 2 3 4 5 6 7 8 9 10 11 12 15 16 17 18 19 20 21 22 23 24 25 26 27 28 29 29 29
30 0 1 2 3 4 5 6 7 8 9 10 11 12 13 16 17 18 19 20 21 22 23 24 25 26 27 28 29 30 30