1
0 0 0 17 3 3 2 6 7 0 8 7 4 1 2 18 7 13 19 16
1 1 0 17 3 3 2 6 7 0 8 7 4 1 2 18 7 13 19 16
2 0 2 17 3 3 2 6 7 0 8 7 4 1 2 18 7 13 19 16
1 13 0 3 3 3 2 6 7 0 8 7 4 17 2 18 7 3 19 16
1 13 0 4 4 3 2 6 7 0 8 7 4 17 2 18 7 3 19 16
1 13 0 5 3 5 2 6 7 0 8 7 4 17 2 18 7 3 19 16
2 0 6 17 3 3 6 6 7 0 8 7 4 1 2 18 7 13 19 16
2 0 6 17 3 3 7 7 7 0 8 7 4 1 2 18 7 13 19 16
2 0 6 17 3 3 7 8 8 0 8 7 4 1 2 18 7 13 19 16
9 0 0 17 3 3 2 6 7 9 8 7 4 1 2 18 7 13 19 16
2 0 6 17 3 3 7 8 10 0 10 7 4 1 2 18 7 13 19 16
2 0 6 17 3 3 7 11 7 0 8 11 4 1 2 18 7 13 19 16
1 13 0 4 12 3 2 6 7 0 8 7 12 17 2 18 7 3 19 16
1 13 0 17 3 3 2 6 7 0 8 7 4 13 2 18 7 13 19 16
2 0 14 17 3 3 2 6 7 0 8 7 4 1 14 18 7 13 19 16
2 0 6 17 3 3 7 16 7 0 8 7 4 1 2 15 19 13 15 18
2 0 6 17 3 3 7 16 7 0 8 7 4 1 2 18 16 13 19 16
1 13 0 17 3 3 2 6 7 0 8 7 4 17 2 18 7 17 19 16
2 0 6 17 3 3 7 16 7 0 8 7 4 1 2 18 19 13 18 18
2 0 6 17 3 3 7 16 7 0 8 7 4 1 2 18 19 13 19 19