1
0 2 19 14 8 10 23 12 0 18 23 12 23 18 23 10 23 15 10 12 8 12 15 4 13
8 1 1 14 23 10 23 12 4 18 23 12 19 18 23 10 23 15 10 2 8 12 15 12 13
8 2 2 14 23 10 23 12 4 18 23 12 19 18 23 10 23 15 10 2 8 12 15 12 13
8 2 19 3 23 10 23 12 4 18 23 12 23 18 3 10 23 15 10 12 8 12 15 14 13
8 2 19 14 4 10 23 12 4 18 23 12 23 18 23 10 23 15 10 12 8 12 15 4 13
8 2 19 14 23 5 23 12 4 18 5 12 23 18 23 10 23 15 10 12 8 12 15 10 13
8 2 19 14 23 10 6 12 4 18 23 12 23 18 23 10 23 15 10 12 8 12 15 6 13
8 2 19 14 23 10 23 7 4 18 23 12 7 18 23 10 23 15 10 12 8 12 15 12 13
8 2 19 14 8 10 23 12 8 18 23 12 23 18 23 10 23 15 10 12 8 12 15 4 13
8 2 19 14 23 10 23 12 4 9 18 12 23 18 23 10 23 15 9 12 8 12 15 10 13
8 2 19 14 23 10 23 12 4 18 10 12 23 18 23 10 23 15 10 12 8 12 15 10 13
8 2 19 14 23 10 23 12 4 18 23 11 11 18 23 10 23 15 10 12 8 12 15 12 13
8 2 19 14 23 10 23 12 4 18 23 12 12 18 23 10 23 15 10 12 8 12 15 12 13
8 2 19 14 23 10 23 12 4 18 18 12 23 13 23 10 23 15 13 12 8 12 15 10 13
8 2 19 14 23 10 23 12 4 18 23 12 23 18 14 10 23 15 10 12 8 12 15 14 13
8 2 19 14 23 10 23 12 4 18 15 12 23 18 23 15 23 15 10 12 8 12 15 10 13
8 2 19 14 23 10 23 12 4 18 23 12 23 18 23 10 16 15 10 12 8 12 15 16 13
8 2 19 14 23 10 23 12 4 18 15 12 23 18 23 17 23 17 10 12 8 12 15 10 13
8 2 19 14 23 10 23 12 4 18 18 12 23 18 23 10 23 15 18 12 8 12 15 10 13
8 2 19 14 23 10 23 12 4 18 23 12 19 18 23 10 23 15 10 19 8 12 15 12 13
8 2 19 14 8 10 23 12 20 18 23 12 23 18 23 10 23 15 10 12 20 12 15 4 13
8 2 19 14 23 10 23 12 4 18 23 12 21 18 23 10 23 15 10 12 8 21 15 12 13
8 2 19 14 23 10 23 12 4 18 15 12 23 18 23 22 23 15 10 12 8 12 22 10 13
8 2 19 14 23 10 23 12 4 18 23 12 23 18 23 10 23 15 10 12 8 12 15 23 13
8 2 19 14 23 10 23 12 4 18 18 12 23 24 23 10 23 15 13 12 8 12 15 10 24
