1
0 61 64 97 17 88 93 82 34 25 94 26 14 51 92 39 13 25 51 84 47 90 17 75 46 71 92 25 27 51 83 55 40 97 54 74 47 13 36 47 51 1 34 82 78 17 25 92 24 77 47 92 26 69 17 82 26 74 96 26 17 39 99 42 31 25 40 13 84 51 86 0 55 17 50 13 97 45 40 3 47 83 47 95 50 68 65 49 17 2 65 30 17 55 68 17 26 47 77 77
71 1 64 97 17 88 93 82 34 25 94 26 14 51 92 39 13 92 51 84 47 90 17 75 46 17 92 25 27 51 83 55 40 97 54 74 47 13 36 61 51 1 34 82 78 17 25 39 24 77 47 92 26 69 17 82 26 74 96 26 17 1 99 42 31 25 40 13 84 51 86 25 55 17 50 13 97 45 40 3 47 83 47 95 50 68 65 49 17 2 65 30 47 55 68 17 26 47 77 77
71 61 2 97 17 88 93 82 34 25 94 26 14 51 92 39 13 92 51 84 47 90 17 75 46 17 92 25 27 51 83 64 40 97 54 74 47 13 36 47 51 1 34 82 78 17 25 82 24 77 47 92 26 69 17 31 26 74 96 26 17 39 99 42 2 25 40 13 84 51 86 25 55 17 50 13 97 45 40 3 47 83 55 95 50 68 65 49 17 2 65 30 47 55 68 17 26 47 77 77
71 61 64 3 17 88 93 82 34 25 94 26 14 51 92 39 13 92 51 84 47 90 17 75 46 17 92 25 27 51 83 55 40 97 54 74 47 13 36 47 51 1 34 82 78 17 25 97 24 77 47 92 26 69 17 82 26 74 96 26 17 39 99 42 31 25 40 13 84 51 86 25 55 17 50 13 97 45 40 3 47 83 47 95 50 68 65 49 17 2 65 30 47 55 68 17 26 3 77 77
71 61 64 97 4 88 93 82 34 25 94 26 14 51 92 39 13 4 51 84 47 90 17 75 46 17 92 25 27 51 83 55 40 97 54 74 47 13 36 47 51 1 34 82 78 17 25 92 24 77 47 92 26 69 17 82 26 74 96 26 17 39 99 42 31 25 40 13 84 51 86 25 55 17 50 13 97 45 40 3 47 83 47 95 50 68 65 49 17 2 65 30 17 55 68 17 26 47 77 77
71 61 64 97 17 5 93 82 34 25 94 26 14 51 92 39 13 88 51 84 47 90 17 75 46 17 92 25 27 51 83 55 40 97 54 74 47 13 36 47 51 1 34 82 78 17 25 92 24 77 47 92 26 69 17 82 26 74 96 26 17 39 99 42 31 25 40 13 84 51 86 25 55 17 50 13 97 45 40 3 47 83 47 95 50 68 65 49 5 2 65 30 17 55 68 17 26 47 77 77
71 61 64 97 17 88 6 82 34 25 94 26 14 51 92 39 13 92 51 84 47 90 17 75 46 17 92 25 27 51 83 55 40 97 54 74 47 13 36 47 51 1 34 82 78 17 25 82 24 77 47 92 26 69 17 93 26 74 96 26 17 39 99 42 31 25 40 13 84 51 86 25 55 17 50 13 97 45 40 3 47 83 55 95 50 68 65 49 17 2 65 30 47 6 68 17 26 47 77 77
71 61 64 97 17 88 93 7 34 25 94 26 14 51 92 39 13 92 51 84 47 90 17 75 46 17 92 25 27 51 83 55 40 97 54 74 47 13 36 47 51 1 34 82 78 17 25 82 24 77 47 92 26 69 17 82 26 74 96 26 17 39 99 42 31 25 40 13 84 51 86 25 55 17 50 13 97 45 40 3 47 83 7 95 50 68 65 49 17 2 65 30 47 55 68 17 26 47 77 77
71 61 64 97 17 88 93 82 8 25 94 26 14 51 92 39 13 54 51 84 47 90 17 75 46 17 92 25 27 51 83 55 40 97 8 74 47 13 36 47 51 1 34 82 78 17 25 92 24 77 47 92 26 69 34 82 26 74 96 26 17 39 99 42 31 25 40 13 84 51 86 25 55 17 50 13 97 45 40 3 47 83 47 95 50 68 65 49 17 2 65 30 17 55 68 17 26 47 77 77
71 61 64 97 17 88 93 82 34 9 94 26 14 51 92 39 13 25 51 84 47 90 17 75 46 9 92 25 27 51 83 55 40 97 54 74 47 13 36 47 51 1 34 82 78 17 25 92 24 77 47 92 26 69 17 82 26 74 96 26 17 39 99 42 31 25 40 13 84 51 86 25 55 17 50 13 97 45 40 3 47 83 47 95 50 68 65 49 17 2 65 30 17 55 68 17 26 47 77 77
71 61 64 97 17 88 93 82 34 25 10 26 14 51 92 39 13 92 51 84 47 90 17 75 46 17 92 25 27 51 83 55 40 97 54 74 47 13 36 47 51 1 34 82 78 17 25 50 24 77 84 92 26 69 17 82 26 74 96 26 17 39 99 42 31 25 40 13 94 51 86 25 55 17 50 13 97 45 40 3 47 83 47 95 68 68 65 49 17 2 65 30 47 55 10 17 26 47 77 77
71 61 64 97 17 88 93 82 34 25 94 11 14 51 92 39 13 92 51 84 47 90 17 75 46 17 11 25 27 51 83 55 40 97 54 74 47 13 36 47 51 1 34 82 78 17 25 92 24 77 47 92 26 69 17 82 26 74 96 26 17 39 99 42 31 25 40 13 84 51 86 25 55 17 50 13 97 45 40 3 47 83 47 95 50 68 65 49 17 2 65 30 26 55 68 17 26 47 77 77
71 61 64 97 17 88 93 82 34 25 94 26 12 51 12 39 13 92 51 84 47 90 17 75 46 17 92 25 27 51 83 55 40 97 54 74 47 13 36 47 51 1 34 82 78 17 25 92 24 77 47 92 26 69 17 82 26 74 96 26 17 39 99 42 31 25 40 13 84 51 86 25 55 17 50 13 97 45 40 3 47 83 47 95 50 68 65 49 17 2 65 30 14 55 68 17 26 47 77 77
71 61 64 97 17 88 93 82 34 25 94 26 14 13 92 39 13 92 51 84 47 90 17 75 46 17 92 25 27 51 83 55 40 97 54 74 47 13 36 47 51 1 34 82 78 17 25 92 24 77 47 13 26 69 17 82 26 74 96 26 17 39 99 42 31 25 40 13 84 51 86 25 55 17 50 13 97 45 40 3 47 83 47 95 50 68 65 49 17 2 65 30 51 55 68 17 26 47 77 77
71 61 64 97 17 88 93 82 34 25 94 26 14 51 14 39 13 92 51 84 47 90 17 75 46 17 92 25 27 51 83 55 40 97 54 74 47 13 36 47 51 1 34 82 78 17 25 92 24 77 47 92 26 69 17 82 26 74 96 26 17 39 99 42 31 25 40 13 84 51 86 25 55 17 50 13 97 45 40 3 47 83 47 95 50 68 65 49 17 2 65 30 14 55 68 17 26 47 77 77
71 61 64 97 17 88 93 82 34 25 94 26 14 51 92 15 13 92 51 84 47 90 17 75 46 17 92 25 27 51 83 55 40 97 54 74 47 13 36 15 51 1 34 82 78 17 25 39 24 77 47 92 26 69 17 82 26 74 96 26 17 39 99 42 31 25 40 13 84 51 86 25 55 17 50 13 97 45 40 3 47 83 47 95 50 68 65 49 17 2 65 30 47 55 68 17 26 47 77 77
71 61 64 97 17 88 93 82 34 25 94 26 14 16 92 39 16 92 51 84 47 90 17 75 46 17 92 25 27 51 83 55 40 97 54 74 47 13 36 47 51 1 34 82 78 17 25 92 24 77 47 13 26 69 17 82 26 74 96 26 17 39 99 42 31 25 40 13 84 51 86 25 55 17 50 13 97 45 40 3 47 83 47 95 50 68 65 49 17 2 65 30 51 55 68 17 26 47 77 77
71 61 64 97 17 88 93 82 34 25 94 26 14 51 92 39 13 17 51 84 47 90 17 75 46 17 92 25 27 51 83 55 40 97 54 74 47 13 36 47 51 1 34 82 78 17 25 92 24 77 47 92 26 69 17 82 26 74 96 26 17 39 99 42 31 25 40 13 84 51 86 25 55 17 50 13 97 45 40 3 47 83 47 95 50 68 65 49 17 2 65 30 17 55 68 17 26 47 77 77
71 61 64 97 17 88 93 82 34 25 94 26 14 51 92 39 13 92 18 84 47 90 17 75 46 17 92 25 27 51 83 55 40 97 54 74 47 13 36 47 51 1 34 82 78 17 25 92 24 77 47 18 26 69 17 82 26 74 96 26 17 39 99 42 31 25 40 13 84 51 86 25 55 17 50 13 97 45 40 3 47 83 47 95 50 68 65 49 17 2 65 30 51 55 68 17 26 47 77 77
71 61 64 97 17 88 93 82 34 25 94 26 14 51 92 39 13 92 51 19 47 90 17 75 46 17 92 25 27 51 83 55 40 97 54 74 47 13 36 47 51 1 34 82 78 17 25 50 24 77 84 92 26 69 17 82 26 74 96 26 17 39 99 42 31 25 40 13 84 51 86 25 55 17 50 13 97 45 40 3 47 83 47 95 19 68 65 49 17 2 65 30 47 55 68 17 26 47 77 77
71 61 64 97 17 88 93 82 34 25 94 26 14 51 92 39 13 92 51 84 20 90 17 75 46 17 92 25 27 51 83 55 40 97 54 74 47 13 36 47 51 1 34 82 78 17 25 20 24 77 47 92 26 69 17 82 26 74 96 26 17 39 99 42 31 25 40 13 84 51 86 25 55 17 50 13 97 45 40 3 47 83 47 95 50 68 65 49 17 2 65 30 47 55 68 17 26 47 77 77
71 61 64 97 17 88 93 82 34 25 94 26 14 51 92 39 13 25 51 84 47 21 17 75 46 65 92 25 27 51 83 55 40 97 54 74 47 13 36 47 51 1 34 82 78 17 25 92 24 77 47 92 26 69 17 82 26 74 96 26 17 39 99 42 31 90 40 13 84 51 86 25 55 17 50 13 97 45 40 3 47 83 47 95 50 68 65 49 17 2 21 30 17 55 68 17 26 47 77 77
71 61 64 97 17 88 93 82 34 25 94 26 14 51 92 39 13 22 51 84 47 90 22 75 46 17 92 25 27 51 83 55 40 97 54 74 47 13 36 47 51 1 34 82 78 17 25 92 24 77 47 92 26 69 17 82 26 74 96 26 17 39 99 42 31 25 40 13 84 51 86 25 55 17 50 13 97 45 40 3 47 83 47 95 50 68 65 49 17 2 65 30 17 55 68 17 26 47 77 77
71 61 64 97 17 88 93 82 34 25 94 26 14 75 92 39 13 92 51 84 47 90 17 23 46 17 92 25 27 51 83 55 40 97 54 74 47 13 36 47 51 1 34 82 78 17 25 92 24 77 47 13 26 69 17 82 26 74 96 26 17 39 99 42 31 25 40 13 84 51 86 25 55 17 50 23 97 45 40 3 47 83 47 95 50 68 65 49 17 2 65 30 51 55 68 17 26 47 77 77
71 61 64 97 17 88 93 82 34 25 94 26 14 51 92 39 13 25 51 84 47 90 17 75 24 46 92 25 27 51 83 55 40 97 54 74 47 13 36 47 51 1 34 82 78 17 24 92 24 77 47 92 26 69 17 82 26 74 96 26 17 39 99 42 31 25 40 13 84 51 86 25 55 17 50 13 97 45 40 3 47 83 47 95 50 68 65 49 17 2 65 30 17 55 68 17 26 47 77 77
71 61 64 97 17 88 93 82 34 25 94 26 14 51 92 39 13 25 51 84 47 90 17 75 46 25 92 25 27 51 83 55 40 97 54 74 47 13 36 47 51 1 34 82 78 17 25 92 24 77 47 92 26 69 17 82 26 74 96 26 17 39 99 42 31 25 40 13 84 51 86 25 55 17 50 13 97 45 40 3 47 83 47 95 50 68 65 49 17 2 65 30 17 55 68 17 26 47 77 77
71 61 64 97 17 88 93 82 34 25 94 26 14 51 92 39 13 92 51 84 47 90 17 75 46 17 26 25 27 51 83 55 40 97 54 74 47 13 36 47 51 1 34 82 78 17 25 92 24 77 47 92 26 69 17 82 26 74 96 26 17 39 99 42 31 25 40 13 84 51 86 25 55 17 50 13 97 45 40 3 47 83 47 95 50 68 65 49 17 2 65 30 26 55 68 17 26 47 77 77
71 61 64 97 17 88 93 82 34 25 94 26 14 51 92 39 13 25 51 84 47 90 17 75 46 27 92 27 27 51 83 55 40 97 54 74 47 13 36 47 51 1 34 82 78 17 25 92 24 77 47 92 26 69 17 82 26 74 96 26 17 39 99 42 31 25 40 13 84 51 86 25 55 17 50 13 97 45 40 3 47 83 47 95 50 68 65 49 17 2 65 30 17 55 68 17 26 47 77 77
71 61 64 97 17 88 93 82 34 25 94 26 14 51 92 39 13 25 51 84 47 90 17 75 46 27 92 28 28 51 83 55 40 97 54 74 47 13 36 47 51 1 34 82 78 17 25 92 24 77 47 92 26 69 17 82 26 74 96 26 17 39 99 42 31 25 40 13 84 51 86 25 55 17 50 13 97 45 40 3 47 83 47 95 50 68 65 49 17 2 65 30 17 55 68 17 26 47 77 77
71 61 64 97 17 88 93 82 34 25 94 26 14 51 92 39 13 92 51 84 47 90 17 75 46 17 92 25 27 29 83 55 40 97 54 74 47 13 36 47 51 1 34 82 78 17 25 92 24 77 47 29 26 69 17 82 26 74 96 26 17 39 99 42 31 25 40 13 84 51 86 25 55 17 50 13 97 45 40 3 47 83 47 95 50 68 65 49 17 2 65 30 51 55 68 17 26 47 77 77
71 61 64 97 17 88 93 82 34 25 94 26 14 51 92 39 13 95 51 84 47 90 17 75 46 17 92 25 27 51 30 55 40 97 54 74 47 13 36 47 51 1 34 82 78 17 25 92 24 77 47 92 26 69 17 82 26 74 96 26 17 39 99 42 31 25 40 13 84 51 86 25 55 17 50 13 97 45 40 3 47 83 47 30 50 68 65 49 17 2 65 30 17 55 68 83 26 47 77 77
71 61 64 97 17 88 93 82 34 25 94 26 14 51 92 39 13 92 51 84 47 90 17 75 46 17 92 25 27 51 83 31 40 97 54 74 47 13 36 47 51 1 34 82 78 17 25 82 24 77 47 92 26 69 17 31 26 74 96 26 17 39 99 42 31 25 40 13 84 51 86 25 55 17 50 13 97 45 40 3 47 83 55 95 50 68 65 49 17 2 65 30 47 55 68 17 26 47 77 77
71 61 64 97 17 88 93 82 34 25 94 26 14 51 92 39 13 92 51 84 47 90 17 75 46 17 92 25 27 51 83 55 32 97 54 74 47 13 36 47 32 1 34 82 78 17 25 92 24 77 47 40 26 69 17 82 26 74 96 26 17 39 99 42 31 25 40 13 84 51 86 25 55 17 50 13 97 45 40 3 47 83 47 95 50 68 65 49 17 2 65 30 51 55 68 17 26 47 77 77
71 61 64 97 17 88 93 82 34 25 94 26 14 51 92 39 13 92 51 84 47 90 17 75 46 17 92 25 27 51 83 55 40 33 54 74 47 13 36 47 51 1 34 82 78 17 25 97 24 77 47 92 26 69 17 82 26 74 96 26 17 39 99 42 31 25 40 13 84 51 86 25 55 17 50 13 97 45 40 3 47 83 47 95 50 68 65 49 17 2 65 30 47 55 68 17 26 33 77 77
71 61 64 97 17 88 93 82 34 25 94 26 14 51 92 39 13 54 51 84 47 90 17 75 46 17 92 25 27 51 83 55 40 97 34 74 47 13 36 47 51 1 34 82 78 17 25 92 24 77 47 92 26 69 34 82 26 74 96 26 17 39 99 42 31 25 40 13 84 51 86 25 55 17 50 13 97 45 40 3 47 83 47 95 50 68 65 49 17 2 65 30 17 55 68 17 26 47 77 77
71 61 64 97 17 88 93 82 34 25 94 26 14 51 92 39 13 92 51 84 47 90 17 75 46 17 92 25 27 51 83 55 40 97 54 35 47 13 36 47 51 1 34 82 78 17 25 50 24 77 74 92 26 69 17 82 26 74 96 26 17 39 99 42 31 25 40 13 84 51 86 25 55 17 35 13 97 45 40 3 47 83 47 95 50 68 65 49 17 2 65 30 47 55 68 17 26 47 77 77
71 61 64 97 17 88 93 82 34 25 94 26 14 51 92 39 13 92 51 84 47 90 17 75 46 17 92 25 27 51 83 55 40 97 54 74 36 13 36 47 51 1 34 82 78 17 25 36 24 77 47 92 26 69 17 82 26 74 96 26 17 39 99 42 31 25 40 13 84 51 86 25 55 17 50 13 97 45 40 3 47 83 47 95 50 68 65 49 17 2 65 30 47 55 68 17 26 47 77 77
71 61 64 97 17 88 93 82 34 25 94 26 14 37 92 39 13 92 51 84 47 90 17 75 46 17 92 25 27 51 83 55 40 97 54 74 47 37 36 47 51 1 34 82 78 17 25 92 24 77 47 13 26 69 17 82 26 74 96 26 17 39 99 42 31 25 40 13 84 51 86 25 55 17 50 13 97 45 40 3 47 83 47 95 50 68 65 49 17 2 65 30 51 55 68 17 26 47 77 77
71 61 64 97 17 88 93 82 34 25 94 26 14 51 92 39 13 92 51 84 47 90 17 75 46 17 92 25 27 51 83 55 40 97 54 74 38 13 38 47 51 1 34 82 78 17 25 36 24 77 47 92 26 69 17 82 26 74 96 26 17 39 99 42 31 25 40 13 84 51 86 25 55 17 50 13 97 45 40 3 47 83 47 95 50 68 65 49 17 2 65 30 47 55 68 17 26 47 77 77
71 61 64 97 17 88 93 82 34 25 94 26 14 51 92 39 13 92 51 84 47 90 17 75 46 17 92 25 27 51 83 55 40 97 54 74 47 13 36 39 51 1 34 82 78 17 25 39 24 77 47 92 26 69 17 82 26 74 96 26 17 39 99 42 31 25 40 13 84 51 86 25 55 17 50 13 97 45 40 3 47 83 47 95 50 68 65 49 17 2 65 30 47 55 68 17 26 47 77 77
71 61 64 97 17 88 93 82 34 25 94 26 14 51 92 39 13 92 51 84 47 90 17 75 46 17 92 25 27 51 83 55 40 97 54 74 47 13 36 47 40 1 34 82 78 17 25 92 24 77 47 40 26 69 17 82 26 74 96 26 17 39 99 42 31 25 40 13 84 51 86 25 55 17 50 13 97 45 40 3 47 83 47 95 50 68 65 49 17 2 65 30 51 55 68 17 26 47 77 77
71 41 64 97 17 88 93 82 34 25 94 26 14 51 92 39 13 92 51 84 47 90 17 75 46 17 92 25 27 51 83 55 40 97 54 74 47 13 36 61 51 41 34 82 78 17 25 39 24 77 47 92 26 69 17 82 26 74 96 26 17 1 99 42 31 25 40 13 84 51 86 25 55 17 50 13 97 45 40 3 47 83 47 95 50 68 65 49 17 2 65 30 47 55 68 17 26 47 77 77
71 61 64 97 17 88 93 82 34 25 94 26 14 51 92 39 13 54 51 84 47 90 17 75 46 17 92 25 27 51 83 55 40 97 42 74 47 13 36 47 51 1 42 82 78 17 25 92 24 77 47 92 26 69 34 82 26 74 96 26 17 39 99 42 31 25 40 13 84 51 86 25 55 17 50 13 97 45 40 3 47 83 47 95 50 68 65 49 17 2 65 30 17 55 68 17 26 47 77 77
71 61 64 97 17 88 93 82 34 25 94 26 14 51 92 39 13 92 51 84 47 90 17 75 46 17 92 25 27 51 83 55 40 97 54 74 47 13 36 47 51 1 34 43 78 17 25 82 24 77 47 92 26 69 17 82 26 74 96 26 17 39 99 42 31 25 40 13 84 51 86 25 55 17 50 13 97 45 40 3 47 83 43 95 50 68 65 49 17 2 65 30 47 55 68 17 26 47 77 77
71 61 64 97 17 88 93 82 34 25 94 26 14 51 92 39 13 92 51 84 47 90 17 75 46 17 92 25 27 51 83 55 40 97 54 74 47 13 36 47 78 1 34 82 44 17 25 92 24 77 47 40 26 69 17 82 26 74 96 26 17 39 99 42 31 25 40 13 84 51 86 25 55 17 50 13 97 45 44 3 47 83 47 95 50 68 65 49 17 2 65 30 51 55 68 17 26 47 77 77
71 61 64 97 17 88 93 82 34 25 94 26 14 51 92 39 13 45 51 84 47 90 17 75 46 17 92 25 27 51 83 55 40 97 54 74 47 13 36 47 51 1 34 82 78 45 25 92 24 77 47 92 26 69 17 82 26 74 96 26 17 39 99 42 31 25 40 13 84 51 86 25 55 17 50 13 97 45 40 3 47 83 47 95 50 68 65 49 17 2 65 30 17 55 68 17 26 47 77 77
71 61 64 97 17 88 93 82 34 25 94 26 14 51 92 39 13 25 51 84 47 90 17 75 46 46 92 25 27 51 83 55 40 97 54 74 47 13 36 47 51 1 34 82 78 17 46 92 24 77 47 92 26 69 17 82 26 74 96 26 17 39 99 42 31 25 40 13 84 51 86 25 55 17 50 13 97 45 40 3 47 83 47 95 50 68 65 49 17 2 65 30 17 55 68 17 26 47 77 77
71 61 64 97 17 88 93 82 34 25 94 26 14 51 92 39 13 92 51 84 47 90 17 75 46 17 92 25 27 51 83 55 40 97 54 74 47 13 36 47 51 1 34 82 78 17 25 47 24 77 47 92 26 69 17 82 26 74 96 26 17 39 99 42 31 25 40 13 84 51 86 25 55 17 50 13 97 45 40 3 47 83 47 95 50 68 65 49 17 2 65 30 47 55 68 17 26 47 77 77
71 61 64 97 17 88 93 82 34 25 94 26 14 51 92 39 13 25 51 84 47 90 17 75 48 46 92 25 27 51 83 55 40 97 54 74 47 13 36 47 51 1 34 82 78 17 24 92 48 77 47 92 26 69 17 82 26 74 96 26 17 39 99 42 31 25 40 13 84 51 86 25 55 17 50 13 97 45 40 3 47 83 47 95 50 68 65 49 17 2 65 30 17 55 68 17 26 47 77 77
71 61 64 97 17 88 93 82 34 25 94 26 14 51 92 39 13 45 51 84 47 90 17 75 46 17 92 25 27 51 83 55 40 97 54 74 47 13 36 47 51 1 34 82 78 77 25 92 24 49 47 92 26 69 17 82 26 74 96 26 17 39 99 42 31 25 40 13 84 51 86 25 55 17 50 13 97 49 40 3 47 83 47 95 50 68 65 49 17 2 65 30 17 55 68 17 26 47 77 77
71 61 64 97 17 88 93 82 34 25 94 26 14 51 92 39 13 92 51 84 47 90 17 75 46 17 92 25 27 51 83 55 40 97 54 74 47 13 36 47 51 1 34 82 78 17 25 50 24 77 50 92 26 69 17 82 26 74 96 26 17 39 99 42 31 25 40 13 84 51 86 25 55 17 50 13 97 45 40 3 47 83 47 95 50 68 65 49 17 2 65 30 47 55 68 17 26 47 77 77
71 61 64 97 17 88 93 82 34 25 94 26 14 51 92 39 13 92 51 84 47 90 17 75 46 17 92 25 27 51 83 55 40 97 54 74 47 13 36 47 51 1 34 82 78 17 25 92 24 77 47 51 26 69 17 82 26 74 96 26 17 39 99 42 31 25 40 13 84 51 86 25 55 17 50 13 97 45 40 3 47 83 47 95 50 68 65 49 17 2 65 30 51 55 68 17 26 47 77 77
71 61 64 97 17 88 93 82 34 25 94 26 14 51 92 39 13 92 51 84 47 90 17 75 46 17 52 25 27 51 83 55 40 97 54 74 47 13 36 47 51 1 34 82 78 17 25 92 24 77 47 92 52 69 17 82 26 74 96 26 17 39 99 42 31 25 40 13 84 51 86 25 55 17 50 13 97 45 40 3 47 83 47 95 50 68 65 49 17 2 65 30 26 55 68 17 26 47 77 77
71 61 64 97 17 88 93 82 34 25 94 26 14 51 92 39 13 92 51 84 47 90 17 75 46 17 92 25 27 51 83 55 40 97 54 74 47 13 36 47 51 1 34 82 78 17 25 92 24 77 47 69 26 53 17 82 26 74 96 26 17 39 99 42 31 25 40 13 84 53 86 25 55 17 50 13 97 45 40 3 47 83 47 95 50 68 65 49 17 2 65 30 51 55 68 17 26 47 77 77
71 61 64 97 17 88 93 82 34 25 94 26 14 51 92 39 13 54 51 84 47 90 17 75 46 17 92 25 27 51 83 55 40 97 54 74 47 13 36 47 51 1 34 82 78 17 25 92 24 77 47 92 26 69 54 82 26 74 96 26 17 39 99 42 31 25 40 13 84 51 86 25 55 17 50 13 97 45 40 3 47 83 47 95 50 68 65 49 17 2 65 30 17 55 68 17 26 47 77 77
71 61 64 97 17 88 93 82 34 25 94 26 14 51 92 39 13 92 51 84 47 90 17 75 46 17 92 25 27 51 83 55 40 97 54 74 47 13 36 47 51 1 34 82 78 17 25 82 24 77 47 92 26 69 17 55 26 74 96 26 17 39 99 42 31 25 40 13 84 51 86 25 55 17 50 13 97 45 40 3 47 83 55 95 50 68 65 49 17 2 65 30 47 55 68 17 26 47 77 77
71 61 64 97 17 88 93 82 34 25 94 26 14 51 92 39 13 92 51 84 47 90 17 75 46 17 56 25 27 51 83 55 40 97 54 74 47 13 36 47 51 1 34 82 78 17 25 92 24 77 47 92 26 69 17 82 56 74 96 26 17 39 99 42 31 25 40 13 84 51 86 25 55 17 50 13 97 45 40 3 47 83 47 95 50 68 65 49 17 2 65 30 26 55 68 17 26 47 77 77
71 61 64 97 17 88 93 82 34 25 94 26 14 51 92 39 13 92 51 84 47 90 17 75 46 17 92 25 27 51 83 55 40 97 54 74 47 13 36 47 51 1 34 82 78 17 25 50 24 77 74 92 26 69 17 82 26 57 96 26 17 39 99 42 31 25 40 13 84 51 86 25 55 17 57 13 97 45 40 3 47 83 47 95 50 68 65 49 17 2 65 30 47 55 68 17 26 47 77 77
71 61 64 97 17 88 93 82 34 25 94 26 14 51 92 39 13 92 51 84 47 90 17 75 46 17 96 25 27 51 83 55 40 97 54 74 47 13 36 47 51 1 34 82 78 17 25 92 24 77 47 92 26 69 17 82 26 74 58 26 17 39 99 42 31 25 40 13 84 51 86 25 55 17 50 13 97 45 40 3 47 83 47 95 50 68 65 49 17 2 65 30 26 55 68 17 58 47 77 77
71 61 64 97 17 88 93 82 34 25 94 26 14 51 92 39 13 92 51 84 47 90 17 75 46 17 59 25 27 51 83 55 40 97 54 74 47 13 36 47 51 1 34 82 78 17 25 92 24 77 47 92 26 69 17 82 26 74 96 59 17 39 99 42 31 25 40 13 84 51 86 25 55 17 50 13 97 45 40 3 47 83 47 95 50 68 65 49 17 2 65 30 26 55 68 17 26 47 77 77
71 61 64 97 17 88 93 82 34 25 94 26 14 51 92 39 13 60 51 84 47 90 17 75 46 17 92 25 27 51 83 55 40 97 54 74 47 13 36 47 51 1 34 82 78 17 25 92 24 77 47 92 26 69 17 82 26 74 96 26 60 39 99 42 31 25 40 13 84 51 86 25 55 17 50 13 97 45 40 3 47 83 47 95 50 68 65 49 17 2 65 30 17 55 68 17 26 47 77 77
71 61 64 97 17 88 93 82 34 25 94 26 14 51 92 39 13 92 51 84 47 90 17 75 46 17 92 25 27 51 83 55 40 97 54 74 47 13 36 61 51 1 34 82 78 17 25 39 24 77 47 92 26 69 17 82 26 74 96 26 17 61 99 42 31 25 40 13 84 51 86 25 55 17 50 13 97 45 40 3 47 83 47 95 50 68 65 49 17 2 65 30 47 55 68 17 26 47 77 77
71 61 64 97 17 88 93 82 34 25 94 26 14 51 92 39 13 45 51 84 47 90 17 75 46 17 92 25 27 51 83 55 40 97 54 74 47 13 36 47 51 1 34 82 78 77 25 92 24 77 47 92 26 69 17 82 26 74 96 26 17 39 62 42 31 25 40 13 84 51 86 25 55 17 50 13 97 99 40 3 47 83 47 95 50 68 65 49 17 2 65 30 17 55 68 17 26 47 77 62
71 61 64 97 17 88 93 82 34 25 94 26 14 51 92 39 13 54 51 84 47 90 17 75 46 17 92 25 27 51 83 55 40 97 42 74 47 13 36 47 51 1 63 82 78 17 25 92 24 77 47 92 26 69 34 82 26 74 96 26 17 39 99 63 31 25 40 13 84 51 86 25 55 17 50 13 97 45 40 3 47 83 47 95 50 68 65 49 17 2 65 30 17 55 68 17 26 47 77 77
71 61 64 97 17 88 93 82 34 25 94 26 14 51 92 39 13 92 51 84 47 90 17 75 46 17 92 25 27 51 83 64 40 97 54 74 47 13 36 47 51 1 34 82 78 17 25 82 24 77 47 92 26 69 17 31 26 74 96 26 17 39 99 42 64 25 40 13 84 51 86 25 55 17 50 13 97 45 40 3 47 83 55 95 50 68 65 49 17 2 65 30 47 55 68 17 26 47 77 77
71 61 64 97 17 88 93 82 34 25 94 26 14 51 92 39 13 25 51 84 47 90 17 75 46 65 92 25 27 51 83 55 40 97 54 74 47 13 36 47 51 1 34 82 78 17 25 92 24 77 47 92 26 69 17 82 26 74 96 26 17 39 99 42 31 65 40 13 84 51 86 25 55 17 50 13 97 45 40 3 47 83 47 95 50 68 65 49 17 2 65 30 17 55 68 17 26 47 77 77
71 61 64 97 17 88 93 82 34 25 94 26 14 51 92 39 13 92 51 84 47 90 17 75 46 17 92 25 27 51 83 55 40 97 54 74 47 13 36 47 66 1 34 82 78 17 25 92 24 77 47 40 26 69 17 82 26 74 96 26 17 39 99 42 31 25 66 13 84 51 86 25 55 17 50 13 97 45 40 3 47 83 47 95 50 68 65 49 17 2 65 30 51 55 68 17 26 47 77 77
71 61 64 97 17 88 93 82 34 25 94 26 14 67 92 39 13 92 51 84 47 90 17 75 46 17 92 25 27 51 83 55 40 97 54 74 47 13 36 47 51 1 34 82 78 17 25 92 24 77 47 13 26 69 17 82 26 74 96 26 17 39 99 42 31 25 40 67 84 51 86 25 55 17 50 13 97 45 40 3 47 83 47 95 50 68 65 49 17 2 65 30 51 55 68 17 26 47 77 77
71 61 64 97 17 88 93 82 34 25 94 26 14 51 92 39 13 92 51 84 47 90 17 75 46 17 92 25 27 51 83 55 40 97 54 74 47 13 36 47 51 1 34 82 78 17 25 50 24 77 84 92 26 69 17 82 26 74 96 26 17 39 99 42 31 25 40 13 68 51 86 25 55 17 50 13 97 45 40 3 47 83 47 95 68 68 65 49 17 2 65 30 47 55 68 17 26 47 77 77
71 61 64 97 17 88 93 82 34 25 94 26 14 51 92 39 13 92 51 84 47 90 17 75 46 17 92 25 27 51 83 55 40 97 54 74 47 13 36 47 51 1 34 82 78 17 25 92 24 77 47 69 26 69 17 82 26 74 96 26 17 39 99 42 31 25 40 13 84 69 86 25 55 17 50 13 97 45 40 3 47 83 47 95 50 68 65 49 17 2 65 30 51 55 68 17 26 47 77 77
71 61 64 97 17 88 93 82 34 25 94 26 14 51 92 39 13 25 51 84 47 90 17 75 46 65 92 25 27 51 83 55 40 97 54 74 47 13 36 47 51 1 34 82 78 17 25 92 24 77 47 92 26 69 17 82 26 74 96 26 17 39 99 42 31 86 40 13 84 51 70 25 55 17 50 13 97 45 40 3 47 83 47 95 50 68 70 49 17 2 65 30 17 55 68 17 26 47 77 77
71 61 64 97 17 88 93 82 34 25 94 26 14 51 92 39 13 25 51 84 47 90 17 75 46 71 92 25 27 51 83 55 40 97 54 74 47 13 36 47 51 1 34 82 78 17 25 92 24 77 47 92 26 69 17 82 26 74 96 26 17 39 99 42 31 25 40 13 84 51 86 71 55 17 50 13 97 45 40 3 47 83 47 95 50 68 65 49 17 2 65 30 17 55 68 17 26 47 77 77
71 61 64 97 17 88 93 82 34 25 94 26 14 51 92 39 13 92 51 84 47 90 17 75 46 17 92 25 27 51 83 55 40 97 54 74 47 13 36 47 51 1 34 82 78 17 25 82 24 77 47 92 26 69 17 72 26 74 96 26 17 39 99 42 31 25 40 13 84 51 86 25 72 17 50 13 97 45 40 3 47 83 55 95 50 68 65 49 17 2 65 30 47 55 68 17 26 47 77 77
71 61 64 97 17 88 93 82 34 25 94 26 14 51 92 39 13 73 51 84 47 90 17 75 46 17 92 25 27 51 83 55 40 97 54 74 47 13 36 47 51 1 34 82 78 17 25 92 24 77 47 92 26 69 17 82 26 74 96 26 17 39 99 42 31 25 40 13 84 51 86 25 55 73 50 13 97 45 40 3 47 83 47 95 50 68 65 49 17 2 65 30 17 55 68 17 26 47 77 77
71 61 64 97 17 88 93 82 34 25 94 26 14 51 92 39 13 92 51 84 47 90 17 75 46 17 92 25 27 51 83 55 40 97 54 74 47 13 36 47 51 1 34 82 78 17 25 50 24 77 74 92 26 69 17 82 26 74 96 26 17 39 99 42 31 25 40 13 84 51 86 25 55 17 74 13 97 45 40 3 47 83 47 95 50 68 65 49 17 2 65 30 47 55 68 17 26 47 77 77
71 61 64 97 17 88 93 82 34 25 94 26 14 75 92 39 13 92 51 84 47 90 17 75 46 17 92 25 27 51 83 55 40 97 54 74 47 13 36 47 51 1 34 82 78 17 25 92 24 77 47 13 26 69 17 82 26 74 96 26 17 39 99 42 31 25 40 13 84 51 86 25 55 17 50 75 97 45 40 3 47 83 47 95 50 68 65 49 17 2 65 30 51 55 68 17 26 47 77 77
71 61 64 97 17 88 93 82 34 25 94 26 14 51 92 39 13 92 51 84 47 90 17 75 46 17 92 25 27 51 83 55 40 97 54 74 47 13 36 47 51 1 34 82 78 17 25 97 24 77 47 92 26 69 17 82 26 74 96 26 17 39 99 42 31 25 40 13 84 51 86 25 55 17 50 13 76 45 40 3 47 83 47 95 50 68 65 49 17 2 65 30 47 55 68 17 26 76 77 77
71 61 64 97 17 88 93 82 34 25 94 26 14 51 92 39 13 45 51 84 47 90 17 75 46 17 92 25 27 51 83 55 40 97 54 74 47 13 36 47 51 1 34 82 78 77 25 92 24 77 47 92 26 69 17 82 26 74 96 26 17 39 99 42 31 25 40 13 84 51 86 25 55 17 50 13 97 77 40 3 47 83 47 95 50 68 65 49 17 2 65 30 17 55 68 17 26 47 77 77
71 61 64 97 17 88 93 82 34 25 94 26 14 51 92 39 13 92 51 84 47 90 17 75 46 17 92 25 27 51 83 55 40 97 54 74 47 13 36 47 78 1 34 82 78 17 25 92 24 77 47 40 26 69 17 82 26 74 96 26 17 39 99 42 31 25 40 13 84 51 86 25 55 17 50 13 97 45 78 3 47 83 47 95 50 68 65 49 17 2 65 30 51 55 68 17 26 47 77 77
71 61 64 79 17 88 93 82 34 25 94 26 14 51 92 39 13 92 51 84 47 90 17 75 46 17 92 25 27 51 83 55 40 97 54 74 47 13 36 47 51 1 34 82 78 17 25 97 24 77 47 92 26 69 17 82 26 74 96 26 17 39 99 42 31 25 40 13 84 51 86 25 55 17 50 13 97 45 40 79 47 83 47 95 50 68 65 49 17 2 65 30 47 55 68 17 26 3 77 77
71 61 64 97 17 88 93 82 34 25 94 26 14 51 92 39 13 92 51 84 47 90 17 75 46 17 92 25 27 51 83 55 40 97 54 74 47 13 36 47 51 1 34 82 78 17 25 80 24 77 47 92 26 69 17 82 26 74 96 26 17 39 99 42 31 25 40 13 84 51 86 25 55 17 50 13 97 45 40 3 80 83 47 95 50 68 65 49 17 2 65 30 47 55 68 17 26 47 77 77
71 61 64 97 17 88 93 82 34 25 94 26 14 51 92 39 13 95 51 84 47 90 17 75 46 17 92 25 27 51 83 55 40 97 54 74 47 13 36 47 51 1 34 82 78 17 25 92 24 77 47 92 26 69 17 82 26 74 96 26 17 39 99 42 31 25 40 13 84 51 86 25 55 17 50 13 97 45 40 3 47 81 47 81 50 68 65 49 17 2 65 30 17 55 68 83 26 47 77 77
71 61 64 97 17 88 93 82 34 25 94 26 14 51 92 39 13 92 51 84 47 90 17 75 46 17 92 25 27 51 83 55 40 97 54 74 47 13 36 47 51 1 34 82 78 17 25 82 24 77 47 92 26 69 17 82 26 74 96 26 17 39 99 42 31 25 40 13 84 51 86 25 55 17 50 13 97 45 40 3 47 83 82 95 50 68 65 49 17 2 65 30 47 55 68 17 26 47 77 77
71 61 64 97 17 88 93 82 34 25 94 26 14 51 92 39 13 95 51 84 47 90 17 75 46 17 92 25 27 51 83 55 40 97 54 74 47 13 36 47 51 1 34 82 78 17 25 92 24 77 47 92 26 69 17 82 26 74 96 26 17 39 99 42 31 25 40 13 84 51 86 25 55 17 50 13 97 45 40 3 47 83 47 83 50 68 65 49 17 2 65 30 17 55 68 83 26 47 77 77
71 61 64 97 17 88 93 82 34 25 94 26 14 51 92 39 13 92 51 84 47 90 17 75 46 17 92 25 27 51 83 55 40 97 54 74 47 13 36 47 51 1 34 82 78 17 25 50 24 77 84 92 26 69 17 82 26 74 96 26 17 39 99 42 31 25 40 13 84 51 86 25 55 17 50 13 97 45 40 3 47 83 47 95 84 68 65 49 17 2 65 30 47 55 68 17 26 47 77 77
71 61 64 97 17 88 93 82 34 25 94 26 14 51 92 39 13 92 51 84 47 90 17 75 46 17 92 25 27 51 83 55 40 97 54 74 47 13 36 47 51 1 34 82 78 17 25 50 24 77 84 92 26 69 17 82 26 74 96 26 17 39 99 42 31 25 40 13 85 51 86 25 55 17 50 13 97 45 40 3 47 83 47 95 68 85 65 49 17 2 65 30 47 55 68 17 26 47 77 77
71 61 64 97 17 88 93 82 34 25 94 26 14 51 92 39 13 25 51 84 47 90 17 75 46 65 92 25 27 51 83 55 40 97 54 74 47 13 36 47 51 1 34 82 78 17 25 92 24 77 47 92 26 69 17 82 26 74 96 26 17 39 99 42 31 86 40 13 84 51 86 25 55 17 50 13 97 45 40 3 47 83 47 95 50 68 86 49 17 2 65 30 17 55 68 17 26 47 77 77
71 61 64 97 17 88 93 82 34 25 94 26 14 51 92 39 13 45 51 84 47 90 17 75 46 17 92 25 27 51 83 55 40 97 54 74 47 13 36 47 51 1 34 82 78 77 25 92 24 87 47 92 26 69 17 82 26 74 96 26 17 39 99 42 31 25 40 13 84 51 86 25 55 17 50 13 97 49 40 3 47 83 47 95 50 68 65 87 17 2 65 30 17 55 68 17 26 47 77 77
71 61 64 97 17 88 93 82 34 25 94 26 14 51 92 39 13 88 51 84 47 90 17 75 46 17 92 25 27 51 83 55 40 97 54 74 47 13 36 47 51 1 34 82 78 17 25 92 24 77 47 92 26 69 17 82 26 74 96 26 17 39 99 42 31 25 40 13 84 51 86 25 55 17 50 13 97 45 40 3 47 83 47 95 50 68 65 49 88 2 65 30 17 55 68 17 26 47 77 77
71 61 89 97 17 88 93 82 34 25 94 26 14 51 92 39 13 92 51 84 47 90 17 75 46 17 92 25 27 51 83 64 40 97 54 74 47 13 36 47 51 1 34 82 78 17 25 82 24 77 47 92 26 69 17 31 26 74 96 26 17 39 99 42 2 25 40 13 84 51 86 25 55 17 50 13 97 45 40 3 47 83 55 95 50 68 65 49 17 89 65 30 47 55 68 17 26 47 77 77
71 61 64 97 17 88 93 82 34 25 94 26 14 51 92 39 13 25 51 84 47 90 17 75 46 65 92 25 27 51 83 55 40 97 54 74 47 13 36 47 51 1 34 82 78 17 25 92 24 77 47 92 26 69 17 82 26 74 96 26 17 39 99 42 31 90 40 13 84 51 86 25 55 17 50 13 97 45 40 3 47 83 47 95 50 68 65 49 17 2 90 30 17 55 68 17 26 47 77 77
71 61 64 97 17 88 93 82 34 25 94 26 14 51 92 39 13 95 51 84 47 90 17 75 46 17 92 25 27 51 91 55 40 97 54 74 47 13 36 47 51 1 34 82 78 17 25 92 24 77 47 92 26 69 17 82 26 74 96 26 17 39 99 42 31 25 40 13 84 51 86 25 55 17 50 13 97 45 40 3 47 83 47 30 50 68 65 49 17 2 65 91 17 55 68 83 26 47 77 77
71 61 64 97 17 88 93 82 34 25 94 26 14 51 92 39 13 92 51 84 47 90 17 75 46 17 92 25 27 51 83 55 40 97 54 74 47 13 36 47 51 1 34 82 78 17 25 92 24 77 47 92 26 69 17 82 26 74 96 26 17 39 99 42 31 25 40 13 84 51 86 25 55 17 50 13 97 45 40 3 47 83 47 95 50 68 65 49 17 2 65 30 92 55 68 17 26 47 77 77
71 61 64 97 17 88 93 82 34 25 94 26 14 51 92 39 13 92 51 84 47 90 17 75 46 17 92 25 27 51 83 55 40 97 54 74 47 13 36 47 51 1 34 82 78 17 25 82 24 77 47 92 26 69 17 93 26 74 96 26 17 39 99 42 31 25 40 13 84 51 86 25 55 17 50 13 97 45 40 3 47 83 55 95 50 68 65 49 17 2 65 30 47 93 68 17 26 47 77 77
71 61 64 97 17 88 93 82 34 25 94 26 14 51 92 39 13 92 51 84 47 90 17 75 46 17 92 25 27 51 83 55 40 97 54 74 47 13 36 47 51 1 34 82 78 17 25 50 24 77 84 92 26 69 17 82 26 74 96 26 17 39 99 42 31 25 40 13 94 51 86 25 55 17 50 13 97 45 40 3 47 83 47 95 68 68 65 49 17 2 65 30 47 55 94 17 26 47 77 77
71 61 64 97 17 88 93 82 34 25 94 26 14 51 92 39 13 95 51 84 47 90 17 75 46 17 92 25 27 51 83 55 40 97 54 74 47 13 36 47 51 1 34 82 78 17 25 92 24 77 47 92 26 69 17 82 26 74 96 26 17 39 99 42 31 25 40 13 84 51 86 25 55 17 50 13 97 45 40 3 47 83 47 95 50 68 65 49 17 2 65 30 17 55 68 95 26 47 77 77
71 61 64 97 17 88 93 82 34 25 94 26 14 51 92 39 13 92 51 84 47 90 17 75 46 17 96 25 27 51 83 55 40 97 54 74 47 13 36 47 51 1 34 82 78 17 25 92 24 77 47 92 26 69 17 82 26 74 96 26 17 39 99 42 31 25 40 13 84 51 86 25 55 17 50 13 97 45 40 3 47 83 47 95 50 68 65 49 17 2 65 30 26 55 68 17 96 47 77 77
71 61 64 97 17 88 93 82 34 25 94 26 14 51 92 39 13 92 51 84 47 90 17 75 46 17 92 25 27 51 83 55 40 97 54 74 47 13 36 47 51 1 34 82 78 17 25 97 24 77 47 92 26 69 17 82 26 74 96 26 17 39 99 42 31 25 40 13 84 51 86 25 55 17 50 13 97 45 40 3 47 83 47 95 50 68 65 49 17 2 65 30 47 55 68 17 26 97 77 77
71 61 64 97 17 88 93 82 34 25 94 26 14 51 92 39 13 45 51 84 47 90 17 75 46 17 92 25 27 51 83 55 40 97 54 74 47 13 36 47 51 1 34 82 78 77 25 92 24 77 47 92 26 69 17 82 26 74 96 26 17 39 99 42 31 25 40 13 84 51 86 25 55 17 50 13 97 98 40 3 47 83 47 95 50 68 65 49 17 2 65 30 17 55 68 17 26 47 98 77
71 61 64 97 17 88 93 82 34 25 94 26 14 51 92 39 13 45 51 84 47 90 17 75 46 17 92 25 27 51 83 55 40 97 54 74 47 13 36 47 51 1 34 82 78 77 25 92 24 77 47 92 26 69 17 82 26 74 96 26 17 39 99 42 31 25 40 13 84 51 86 25 55 17 50 13 97 99 40 3 47 83 47 95 50 68 65 49 17 2 65 30 17 55 68 17 26 47 77 99
